<?xml version="1.0" encoding="UTF-8"?>
<testsuite xmlns:xsi="http://www.w3.org/2001/XMLSchema-instance" xsi:noNamespaceSchemaLocation="https://maven.apache.org/surefire/maven-surefire-plugin/xsd/surefire-test-report.xsd" version="3.0.2" name="com.example.patientmicroservice.controller.PatientControllerTest" time="4.211" tests="5" errors="0" skipped="0" failures="0">
  <properties>
[...]
</properties>
  <testcase name="testGetPatientById" classname="com.example.patientmicroservice.controller.PatientControllerTest" time="0.356">
    <system-out><![CDATA[22:19:35.015 [main] INFO org.springframework.test.context.support.AnnotationConfigContextLoaderUtils -- Could not detect default configuration classes for test class [com.example.patientmicroservice.controller.PatientControllerTest]: PatientControllerTest does not declare any static, non-private, non-final, nested classes annotated with @Configuration.
22:19:35.299 [main] INFO org.springframework.boot.test.context.SpringBootTestContextBootstrapper -- Found @SpringBootConfiguration com.example.patientmicroservice.PatientmicroserviceApplication for test class com.example.patientmicroservice.controller.PatientControllerTest
22:19:35.429 [main] INFO org.springframework.boot.devtools.restart.RestartApplicationListener -- Restart disabled due to context in which it is running

  .   ____          _            __ _ _
 /\\ / ___'_ __ _ _(_)_ __  __ _ \ \ \ \
( ( )\___ | '_ | '_| | '_ \/ _` | \ \ \ \
 \\/  ___)| |_)| | | | | || (_| |  ) ) ) )
  '  |____| .__|_| |_|_| |_\__, | / / / /
 =========|_|==============|___/=/_/_/_/

 :: Spring Boot ::                (v3.5.0)

2025-05-30T22:19:35.976+02:00  INFO 10272 --- [patientmicroservice] [           main] c.e.p.controller.PatientControllerTest   : Starting PatientControllerTest using Java 24 with PID 10272 (started by PC1 in C:\Users\PC1\IdeaProjects\patientmicroservice)
2025-05-30T22:19:35.977+02:00  INFO 10272 --- [patientmicroservice] [           main] c.e.p.controller.PatientControllerTest   : No active profile set, falling back to 1 default profile: "default"
2025-05-30T22:19:38.445+02:00  INFO 10272 --- [patientmicroservice] [           main] o.s.b.t.m.w.SpringBootMockServletContext : Initializing Spring TestDispatcherServlet ''
2025-05-30T22:19:38.446+02:00  INFO 10272 --- [patientmicroservice] [           main] o.s.t.web.servlet.TestDispatcherServlet  : Initializing Servlet ''
2025-05-30T22:19:38.448+02:00  INFO 10272 --- [patientmicroservice] [           main] o.s.t.web.servlet.TestDispatcherServlet  : Completed initialization in 2 ms
2025-05-30T22:19:38.484+02:00  INFO 10272 --- [patientmicroservice] [           main] c.e.p.controller.PatientControllerTest   : Started PatientControllerTest in 3.076 seconds (process running for 4.855)
]]></system-out>
    <system-err><![CDATA[Mockito is currently self-attaching to enable the inline-mock-maker. This will no longer work in future releases of the JDK. Please add Mockito as an agent to your build as described in Mockito's documentation: https://javadoc.io/doc/org.mockito/mockito-core/latest/org.mockito/org/mockito/Mockito.html#0.3
WARNING: A Java agent has been loaded dynamically (C:\Users\PC1\.m2\repository\net\bytebuddy\byte-buddy-agent\1.17.5\byte-buddy-agent-1.17.5.jar)
WARNING: If a serviceability tool is in use, please run with -XX:+EnableDynamicAgentLoading to hide this warning
WARNING: If a serviceability tool is not in use, please run with -Djdk.instrument.traceUsage for more information
WARNING: Dynamic loading of agents will be disallowed by default in a future release
]]></system-err>
  </testcase>
  <testcase name="testGetAllPatients" classname="com.example.patientmicroservice.controller.PatientControllerTest" time="0.021"/>
  <testcase name="testUpdatePatient" classname="com.example.patientmicroservice.controller.PatientControllerTest" time="0.061"/>
  <testcase name="testAddPatient" classname="com.example.patientmicroservice.controller.PatientControllerTest" time="0.008"/>
  <testcase name="testDeletePatient" classname="com.example.patientmicroservice.controller.PatientControllerTest" time="0.008"/>
</testsuite>